[baseline-browser-mapping] The data in this module is over two months old.  To ensure accurate Baseline data, please update: `npm i baseline-browser-mapping@latest -D`
[2m11:06:31 PM[22m [31m[1m[vite][22m[39m [31mInternal server error: C:\Users\opius\Desktop\projectFin\Finmfb\Fin-Frontend\src\components\dashboard\DashboardHome.tsx: Identifier 'navigate' has already been declared. (73:8)

[0m [90m 71 |[31m   ][33m;[31m
 [90m 72 |[31m
[31m[1m>[22m[31m[90m 73 |[31m   [36mconst[31m navigate [33m=[31m useNavigate()[33m;[31m
 [90m    |[31m         [31m[1m^[22m[31m
 [90m 74 |[31m
 [90m 75 |[31m   [36mconst[31m handleQuickAction [33m=[31m (action[33m:[31m string) [33m=>[31m {
 [90m 76 |[31m     [36mswitch[31m (action) {[0m[39m
  Plugin: [35mvite:react-babel[39m
  File: [36mC:/Users/opius/Desktop/projectFin/Finmfb/Fin-Frontend/src/components/dashboard/DashboardHome.tsx[39m:73:8
[33m  73 |    const navigate = useNavigate();
  74 |  
  75 |    const handleQuickAction = (action: string) => {
     |                                               ^
  76 |      switch (action) {
  77 |        case 'add-customer':[39m
      at constructor (C:\Users\opius\Desktop\projectFin\Finmfb\Fin-Frontend\node_modules\@babel\parser\lib\index.js:367:19)
      at TypeScriptParserMixin.raise (C:\Users\opius\Desktop\projectFin\Finmfb\Fin-Frontend\node_modules\@babel\parser\lib\index.js:6630:19)
      at TypeScriptScopeHandler.checkRedeclarationInScope (C:\Users\opius\Desktop\projectFin\Finmfb\Fin-Frontend\node_modules\@babel\parser\lib\index.js:1647:19)
      at TypeScriptScopeHandler.declareName (C:\Users\opius\Desktop\projectFin\Finmfb\Fin-Frontend\node_modules\@babel\parser\lib\index.js:1613:12)
      at TypeScriptScopeHandler.declareName (C:\Users\opius\Desktop\projectFin\Finmfb\Fin-Frontend\node_modules\@babel\parser\lib\index.js:4913:11)
      at TypeScriptParserMixin.declareNameFromIdentifier (C:\Users\opius\Desktop\projectFin\Finmfb\Fin-Frontend\node_modules\@babel\parser\lib\index.js:7594:16)
      at TypeScriptParserMixin.checkIdentifier (C:\Users\opius\Desktop\projectFin\Finmfb\Fin-Frontend\node_modules\@babel\parser\lib\index.js:7590:12)
      at TypeScriptParserMixin.checkLVal (C:\Users\opius\Desktop\projectFin\Finmfb\Fin-Frontend\node_modules\@babel\parser\lib\index.js:7529:12)
      at TypeScriptParserMixin.parseVarId (C:\Users\opius\Desktop\projectFin\Finmfb\Fin-Frontend\node_modules\@babel\parser\lib\index.js:13421:10)
      at TypeScriptParserMixin.parseVarId (C:\Users\opius\Desktop\projectFin\Finmfb\Fin-Frontend\node_modules\@babel\parser\lib\index.js:9772:11)
      at TypeScriptParserMixin.parseVar (C:\Users\opius\Desktop\projectFin\Finmfb\Fin-Frontend\node_modules\@babel\parser\lib\index.js:13392:12)
      at TypeScriptParserMixin.parseVarStatement (C:\Users\opius\Desktop\projectFin\Finmfb\Fin-Frontend\node_modules\@babel\parser\lib\index.js:13239:10)
      at TypeScriptParserMixin.parseVarStatement (C:\Users\opius\Desktop\projectFin\Finmfb\Fin-Frontend\node_modules\@babel\parser\lib\index.js:9498:31)
      at TypeScriptParserMixin.parseStatementContent (C:\Users\opius\Desktop\projectFin\Finmfb\Fin-Frontend\node_modules\@babel\parser\lib\index.js:12860:23)
      at TypeScriptParserMixin.parseStatementContent (C:\Users\opius\Desktop\projectFin\Finmfb\Fin-Frontend\node_modules\@babel\parser\lib\index.js:9532:18)
      at TypeScriptParserMixin.parseStatementLike (C:\Users\opius\Desktop\projectFin\Finmfb\Fin-Frontend\node_modules\@babel\parser\lib\index.js:12776:17)
      at TypeScriptParserMixin.parseStatementListItem (C:\Users\opius\Desktop\projectFin\Finmfb\Fin-Frontend\node_modules\@babel\parser\lib\index.js:12756:17)
      at TypeScriptParserMixin.parseBlockOrModuleBlockBody (C:\Users\opius\Desktop\projectFin\Finmfb\Fin-Frontend\node_modules\@babel\parser\lib\index.js:13325:61)
      at TypeScriptParserMixin.parseBlockBody (C:\Users\opius\Desktop\projectFin\Finmfb\Fin-Frontend\node_modules\@babel\parser\lib\index.js:13318:10)
      at TypeScriptParserMixin.parseBlock (C:\Users\opius\Desktop\projectFin\Finmfb\Fin-Frontend\node_modules\@babel\parser\lib\index.js:13306:10)
      at TypeScriptParserMixin.parseFunctionBody (C:\Users\opius\Desktop\projectFin\Finmfb\Fin-Frontend\node_modules\@babel\parser\lib\index.js:12110:24)
      at TypeScriptParserMixin.parseArrowExpression (C:\Users\opius\Desktop\projectFin\Finmfb\Fin-Frontend\node_modules\@babel\parser\lib\index.js:12085:10)
      at TypeScriptParserMixin.parseParenAndDistinguishExpression (C:\Users\opius\Desktop\projectFin\Finmfb\Fin-Frontend\node_modules\@babel\parser\lib\index.js:11695:12)
      at TypeScriptParserMixin.parseExprAtom (C:\Users\opius\Desktop\projectFin\Finmfb\Fin-Frontend\node_modules\@babel\parser\lib\index.js:11335:23)
      at TypeScriptParserMixin.parseExprAtom (C:\Users\opius\Desktop\projectFin\Finmfb\Fin-Frontend\node_modules\@babel\parser\lib\index.js:4797:20)
      at TypeScriptParserMixin.parseExprSubscripts (C:\Users\opius\Desktop\projectFin\Finmfb\Fin-Frontend\node_modules\@babel\parser\lib\index.js:11085:23)
      at TypeScriptParserMixin.parseUpdate (C:\Users\opius\Desktop\projectFin\Finmfb\Fin-Frontend\node_modules\@babel\parser\lib\index.js:11070:21)
      at TypeScriptParserMixin.parseMaybeUnary (C:\Users\opius\Desktop\projectFin\Finmfb\Fin-Frontend\node_modules\@babel\parser\lib\index.js:11050:23)
      at TypeScriptParserMixin.parseMaybeUnary (C:\Users\opius\Desktop\projectFin\Finmfb\Fin-Frontend\node_modules\@babel\parser\lib\index.js:9857:18)
      at TypeScriptParserMixin.parseMaybeUnaryOrPrivate (C:\Users\opius\Desktop\projectFin\Finmfb\Fin-Frontend\node_modules\@babel\parser\lib\index.js:10903:61)
      at TypeScriptParserMixin.parseExprOps (C:\Users\opius\Desktop\projectFin\Finmfb\Fin-Frontend\node_modules\@babel\parser\lib\index.js:10908:23)
      at TypeScriptParserMixin.parseMaybeConditional (C:\Users\opius\Desktop\projectFin\Finmfb\Fin-Frontend\node_modules\@babel\parser\lib\index.js:10885:23)
      at TypeScriptParserMixin.parseMaybeAssign (C:\Users\opius\Desktop\projectFin\Finmfb\Fin-Frontend\node_modules\@babel\parser\lib\index.js:10835:21)
      at TypeScriptParserMixin.parseMaybeAssign (C:\Users\opius\Desktop\projectFin\Finmfb\Fin-Frontend\node_modules\@babel\parser\lib\index.js:9806:20)
      at C:\Users\opius\Desktop\projectFin\Finmfb\Fin-Frontend\node_modules\@babel\parser\lib\index.js:10804:39
      at TypeScriptParserMixin.allowInAnd (C:\Users\opius\Desktop\projectFin\Finmfb\Fin-Frontend\node_modules\@babel\parser\lib\index.js:12431:16)
      at TypeScriptParserMixin.parseMaybeAssignAllowIn (C:\Users\opius\Desktop\projectFin\Finmfb\Fin-Frontend\node_modules\@babel\parser\lib\index.js:10804:17)
      at TypeScriptParserMixin.parseVar (C:\Users\opius\Desktop\projectFin\Finmfb\Fin-Frontend\node_modules\@babel\parser\lib\index.js:13393:91)
      at TypeScriptParserMixin.parseVarStatement (C:\Users\opius\Desktop\projectFin\Finmfb\Fin-Frontend\node_modules\@babel\parser\lib\index.js:13239:10)
      at TypeScriptParserMixin.parseVarStatement (C:\Users\opius\Desktop\projectFin\Finmfb\Fin-Frontend\node_modules\@babel\parser\lib\index.js:9498:31)
      at TypeScriptParserMixin.parseStatementContent (C:\Users\opius\Desktop\projectFin\Finmfb\Fin-Frontend\node_modules\@babel\parser\lib\index.js:12860:23)
      at TypeScriptParserMixin.parseStatementContent (C:\Users\opius\Desktop\projectFin\Finmfb\Fin-Frontend\node_modules\@babel\parser\lib\index.js:9532:18)
      at TypeScriptParserMixin.parseStatementLike (C:\Users\opius\Desktop\projectFin\Finmfb\Fin-Frontend\node_modules\@babel\parser\lib\index.js:12776:17)
      at TypeScriptParserMixin.parseModuleItem (C:\Users\opius\Desktop\projectFin\Finmfb\Fin-Frontend\node_modules\@babel\parser\lib\index.js:12753:17)
      at TypeScriptParserMixin.parseBlockOrModuleBlockBody (C:\Users\opius\Desktop\projectFin\Finmfb\Fin-Frontend\node_modules\@babel\parser\lib\index.js:13325:36)
      at TypeScriptParserMixin.parseBlockBody (C:\Users\opius\Desktop\projectFin\Finmfb\Fin-Frontend\node_modules\@babel\parser\lib\index.js:13318:10)
      at TypeScriptParserMixin.parseProgram (C:\Users\opius\Desktop\projectFin\Finmfb\Fin-Frontend\node_modules\@babel\parser\lib\index.js:12634:10)
      at TypeScriptParserMixin.parseTopLevel (C:\Users\opius\Desktop\projectFin\Finmfb\Fin-Frontend\node_modules\@babel\parser\lib\index.js:12624:25)
      at TypeScriptParserMixin.parse (C:\Users\opius\Desktop\projectFin\Finmfb\Fin-Frontend\node_modules\@babel\parser\lib\index.js:14501:10)
      at TypeScriptParserMixin.parse (C:\Users\opius\Desktop\projectFin\Finmfb\Fin-Frontend\node_modules\@babel\parser\lib\index.js:10149:18)
^C