  Determining projects to restore...
  All projects are up-to-date for restore.
  FinTech.Core.Domain -> C:\Users\opius\Desktop\projectFin\Finmfb\Fin-Backend\Core\Domain\bin\Debug\net8.0\FinTech.Core.Domain.dll
  FinTech.Core.Application -> C:\Users\opius\Desktop\projectFin\Finmfb\Fin-Backend\Core\Application\bin\Debug\net8.0\FinTech.Core.Application.dll
C:\Users\opius\Desktop\projectFin\Finmfb\Fin-Backend\Infrastructure\Data\ApplicationDbContext.cs(40,35): error CS0234: The type or namespace name 'Events' does not exist in the namespace 'FinTech.Infrastructure.Data' (are you missing an assembly reference?) [C:\Users\opius\Desktop\projectFin\Finmfb\Fin-Backend\Infrastructure\FinTech.Infrastructure.csproj]
C:\Users\opius\Desktop\projectFin\Finmfb\Fin-Backend\Infrastructure\Extensions\ClientPortalServicesRegistration.cs(9,7): warning CS0105: The using directive for 'FinTech.Core.Application.Services' appeared previously in this namespace [C:\Users\opius\Desktop\projectFin\Finmfb\Fin-Backend\Infrastructure\FinTech.Infrastructure.csproj]
C:\Users\opius\Desktop\projectFin\Finmfb\Fin-Backend\Infrastructure\Services\MfaService.cs(18,7): warning CS0105: The using directive for 'FinTech.Infrastructure.Data' appeared previously in this namespace [C:\Users\opius\Desktop\projectFin\Finmfb\Fin-Backend\Infrastructure\FinTech.Infrastructure.csproj]
C:\Users\opius\Desktop\projectFin\Finmfb\Fin-Backend\Infrastructure\Repositories\Accounting\ChartOfAccountRepository.cs(86,58): warning CS0108: 'ChartOfAccountRepository.GetAllAsync(CancellationToken)' hides inherited member 'Repository<ChartOfAccount>.GetAllAsync(CancellationToken)'. Use the new keyword if hiding was intended. [C:\Users\opius\Desktop\projectFin\Finmfb\Fin-Backend\Infrastructure\FinTech.Infrastructure.csproj]
C:\Users\opius\Desktop\projectFin\Finmfb\Fin-Backend\Infrastructure\Data\ApplicationDbContext.cs(157,50): error CS0234: The type or namespace name 'Events' does not exist in the namespace 'FinTech.Infrastructure.Data' (are you missing an assembly reference?) [C:\Users\opius\Desktop\projectFin\Finmfb\Fin-Backend\Infrastructure\FinTech.Infrastructure.csproj]
C:\Users\opius\Desktop\projectFin\Finmfb\Fin-Backend\Infrastructure\Services\AdvancedAuthService.cs(722,139): warning CS8625: Cannot convert null literal to non-nullable reference type. [C:\Users\opius\Desktop\projectFin\Finmfb\Fin-Backend\Infrastructure\FinTech.Infrastructure.csproj]
C:\Users\opius\Desktop\projectFin\Finmfb\Fin-Backend\Infrastructure\Repositories\TaxRepository.cs(117,31): warning CS8625: Cannot convert null literal to non-nullable reference type. [C:\Users\opius\Desktop\projectFin\Finmfb\Fin-Backend\Infrastructure\FinTech.Infrastructure.csproj]
C:\Users\opius\Desktop\projectFin\Finmfb\Fin-Backend\Infrastructure\Repositories\TaxRepository.cs(253,32): warning CS8625: Cannot convert null literal to non-nullable reference type. [C:\Users\opius\Desktop\projectFin\Finmfb\Fin-Backend\Infrastructure\FinTech.Infrastructure.csproj]
C:\Users\opius\Desktop\projectFin\Finmfb\Fin-Backend\Infrastructure\Services\MfaService.cs(276,33): warning CS8767: Nullability of reference types in type of parameter 'deviceInfo' of 'Task<bool> MfaService.ValidateMfaCodeAsync(string userId, string code, MfaDeviceInfoDto deviceInfo = null)' doesn't match implicitly implemented member 'Task<bool> IMfaService.ValidateMfaCodeAsync(string userId, string code, MfaDeviceInfoDto? deviceInfo = null)' (possibly because of nullability attributes). [C:\Users\opius\Desktop\projectFin\Finmfb\Fin-Backend\Infrastructure\FinTech.Infrastructure.csproj]
C:\Users\opius\Desktop\projectFin\Finmfb\Fin-Backend\Infrastructure\Services\MfaService.cs(276,112): warning CS8625: Cannot convert null literal to non-nullable reference type. [C:\Users\opius\Desktop\projectFin\Finmfb\Fin-Backend\Infrastructure\FinTech.Infrastructure.csproj]

Build FAILED.

C:\Users\opius\Desktop\projectFin\Finmfb\Fin-Backend\Infrastructure\Extensions\ClientPortalServicesRegistration.cs(9,7): warning CS0105: The using directive for 'FinTech.Core.Application.Services' appeared previously in this namespace [C:\Users\opius\Desktop\projectFin\Finmfb\Fin-Backend\Infrastructure\FinTech.Infrastructure.csproj]
C:\Users\opius\Desktop\projectFin\Finmfb\Fin-Backend\Infrastructure\Services\MfaService.cs(18,7): warning CS0105: The using directive for 'FinTech.Infrastructure.Data' appeared previously in this namespace [C:\Users\opius\Desktop\projectFin\Finmfb\Fin-Backend\Infrastructure\FinTech.Infrastructure.csproj]
C:\Users\opius\Desktop\projectFin\Finmfb\Fin-Backend\Infrastructure\Repositories\Accounting\ChartOfAccountRepository.cs(86,58): warning CS0108: 'ChartOfAccountRepository.GetAllAsync(CancellationToken)' hides inherited member 'Repository<ChartOfAccount>.GetAllAsync(CancellationToken)'. Use the new keyword if hiding was intended. [C:\Users\opius\Desktop\projectFin\Finmfb\Fin-Backend\Infrastructure\FinTech.Infrastructure.csproj]
C:\Users\opius\Desktop\projectFin\Finmfb\Fin-Backend\Infrastructure\Services\AdvancedAuthService.cs(722,139): warning CS8625: Cannot convert null literal to non-nullable reference type. [C:\Users\opius\Desktop\projectFin\Finmfb\Fin-Backend\Infrastructure\FinTech.Infrastructure.csproj]
C:\Users\opius\Desktop\projectFin\Finmfb\Fin-Backend\Infrastructure\Repositories\TaxRepository.cs(117,31): warning CS8625: Cannot convert null literal to non-nullable reference type. [C:\Users\opius\Desktop\projectFin\Finmfb\Fin-Backend\Infrastructure\FinTech.Infrastructure.csproj]
C:\Users\opius\Desktop\projectFin\Finmfb\Fin-Backend\Infrastructure\Repositories\TaxRepository.cs(253,32): warning CS8625: Cannot convert null literal to non-nullable reference type. [C:\Users\opius\Desktop\projectFin\Finmfb\Fin-Backend\Infrastructure\FinTech.Infrastructure.csproj]
C:\Users\opius\Desktop\projectFin\Finmfb\Fin-Backend\Infrastructure\Services\MfaService.cs(276,33): warning CS8767: Nullability of reference types in type of parameter 'deviceInfo' of 'Task<bool> MfaService.ValidateMfaCodeAsync(string userId, string code, MfaDeviceInfoDto deviceInfo = null)' doesn't match implicitly implemented member 'Task<bool> IMfaService.ValidateMfaCodeAsync(string userId, string code, MfaDeviceInfoDto? deviceInfo = null)' (possibly because of nullability attributes). [C:\Users\opius\Desktop\projectFin\Finmfb\Fin-Backend\Infrastructure\FinTech.Infrastructure.csproj]
C:\Users\opius\Desktop\projectFin\Finmfb\Fin-Backend\Infrastructure\Services\MfaService.cs(276,112): warning CS8625: Cannot convert null literal to non-nullable reference type. [C:\Users\opius\Desktop\projectFin\Finmfb\Fin-Backend\Infrastructure\FinTech.Infrastructure.csproj]
C:\Users\opius\Desktop\projectFin\Finmfb\Fin-Backend\Infrastructure\Data\ApplicationDbContext.cs(40,35): error CS0234: The type or namespace name 'Events' does not exist in the namespace 'FinTech.Infrastructure.Data' (are you missing an assembly reference?) [C:\Users\opius\Desktop\projectFin\Finmfb\Fin-Backend\Infrastructure\FinTech.Infrastructure.csproj]
C:\Users\opius\Desktop\projectFin\Finmfb\Fin-Backend\Infrastructure\Data\ApplicationDbContext.cs(157,50): error CS0234: The type or namespace name 'Events' does not exist in the namespace 'FinTech.Infrastructure.Data' (are you missing an assembly reference?) [C:\Users\opius\Desktop\projectFin\Finmfb\Fin-Backend\Infrastructure\FinTech.Infrastructure.csproj]
    8 Warning(s)
    2 Error(s)

Time Elapsed 00:00:03.49
